This is LuaHBTeX, Version 1.16.0 (TeX Live 2023/Arch Linux)  (format=lualatex 2023.5.5)  13 MAY 2023 23:17
 restricted system commands enabled.
**main.tex
(./main.tex
LaTeX2e <2022-11-01> patch level 1
Lua module: luaotfload 2022-10-03 3.23 Lua based OpenType font support
Lua module: lualibs 2022-10-04 2.75 ConTeXt Lua standard libraries.
Lua module: lualibs-extended 2022-10-04 2.75 ConTeXt Lua libraries -- extended c
ollection.
luaotfload | conf : Root cache directory is "/home/alessio/.texlive/texmf-var/lu
atex-cache/generic/names".
luaotfload | init : Loading fontloader "fontloader-2022-10-03.lua" from kpse-res
olved path "/usr/share/texmf-dist/tex/luatex/luaotfload/fontloader-2022-10-03.lu
a".
Lua-only attribute luaotfload@noligature = 1
luaotfload | init : Context OpenType loader version 3.120
Inserting `luaotfload.node_processor' in `pre_linebreak_filter'.
Inserting `luaotfload.node_processor' in `hpack_filter'.
Inserting `luaotfload.glyph_stream' in `glyph_stream_provider'.
Inserting `luaotfload.define_font' in `define_font'.
Lua-only attribute luaotfload_color_attribute = 2
luaotfload | conf : Root cache directory is "/home/alessio/.texlive/texmf-var/lu
atex-cache/generic/names".
Inserting `luaotfload.harf.strip_prefix' in `find_opentype_file'.
Inserting `luaotfload.harf.strip_prefix' in `find_truetype_file'.
Removing  `luaotfload.glyph_stream' from `glyph_stream_provider'.
Inserting `luaotfload.harf.glyphstream' in `glyph_stream_provider'.
Inserting `luaotfload.harf.finalize_vlist' in `post_linebreak_filter'.
Inserting `luaotfload.harf.finalize_hlist' in `hpack_filter'.
Inserting `luaotfload.cleanup_files' in `wrapup_run'.
Inserting `luaotfload.harf.finalize_unicode' in `finish_pdffile'.
Inserting `luaotfload.glyphinfo' in `glyph_info'.
Lua-only attribute luaotfload.letterspace_done = 3
Inserting `luaotfload.aux.set_sscale_dimens' in `luaotfload.patch_font'.
Inserting `luaotfload.aux.set_font_index' in `luaotfload.patch_font'.
Inserting `luaotfload.aux.patch_cambria_domh' in `luaotfload.patch_font'.
Inserting `luaotfload.aux.fixup_fontdata' in `luaotfload.patch_font_unsafe'.
Inserting `luaotfload.aux.set_capheight' in `luaotfload.patch_font'.
Inserting `luaotfload.aux.set_xheight' in `luaotfload.patch_font'.
Inserting `luaotfload.rewrite_fontname' in `luaotfload.patch_font'. L3 programm
ing layer <2023-02-22>
Inserting `tracingstacklevels' in `input_level_string'.
(/usr/share/texmf-dist/tex/latex/base/book.cls
Document Class: book 2022/07/02 v1.4n Standard LaTeX document class
(/usr/share/texmf-dist/tex/latex/base/bk12.clo
File: bk12.clo 2022/07/02 v1.4n Standard LaTeX file (size option)
luaotfload | db : Font names database loaded from /home/alessio/.texlive/texmf-v
ar/luatex-cache/generic/names/luaotfload-names.luc.gz)
\c@part=\count183
\c@chapter=\count184
\c@section=\count185
\c@subsection=\count186
\c@subsubsection=\count187
\c@paragraph=\count188
\c@subparagraph=\count189
\c@figure=\count190
\c@table=\count191
\abovecaptionskip=\skip48
\belowcaptionskip=\skip49
\bibindent=\dimen139
)
(/usr/share/texmf-dist/tex/latex/amscls/amsthm.sty
Package: amsthm 2020/05/29 v2.20.6
\thm@style=\toks16
\thm@bodyfont=\toks17
\thm@headfont=\toks18
\thm@notefont=\toks19
\thm@headpunct=\toks20
\thm@preskip=\skip50
\thm@postskip=\skip51
\thm@headsep=\skip52
\dth@everypar=\toks21
)
(/usr/share/texmf-dist/tex/latex/amsmath/amsmath.sty
Package: amsmath 2022/04/08 v2.17n AMS math features
\@mathmargin=\skip53

For additional information on amsmath, use the `?' option.
(/usr/share/texmf-dist/tex/latex/amsmath/amstext.sty
Package: amstext 2021/08/26 v2.01 AMS text

(/usr/share/texmf-dist/tex/latex/amsmath/amsgen.sty
File: amsgen.sty 1999/11/30 v2.0 generic functions
\@emptytoks=\toks22
\ex@=\dimen140
))
(/usr/share/texmf-dist/tex/latex/amsmath/amsbsy.sty
Package: amsbsy 1999/11/29 v1.2d Bold Symbols
\pmbraise@=\dimen141
)
(/usr/share/texmf-dist/tex/latex/amsmath/amsopn.sty
Package: amsopn 2022/04/08 v2.04 operator names
)
\inf@bad=\count192
LaTeX Info: Redefining \frac on input line 236.
\uproot@=\count193
\leftroot@=\count194
LaTeX Info: Redefining \overline on input line 399.
LaTeX Info: Redefining \colon on input line 410.
\classnum@=\count195
\DOTSCASE@=\count196
LaTeX Info: Redefining \ldots on input line 496.
LaTeX Info: Redefining \dots on input line 499.
LaTeX Info: Redefining \cdots on input line 620.
\Mathstrutbox@=\box51
\strutbox@=\box52
LaTeX Info: Redefining \big on input line 722.
LaTeX Info: Redefining \Big on input line 723.
LaTeX Info: Redefining \bigg on input line 724.
LaTeX Info: Redefining \Bigg on input line 725.
\big@size=\dimen142
LaTeX Font Info:    Redeclaring font encoding OML on input line 743.
LaTeX Font Info:    Redeclaring font encoding OMS on input line 744.
\macc@depth=\count197
LaTeX Info: Redefining \bmod on input line 905.
LaTeX Info: Redefining \pmod on input line 910.
LaTeX Info: Redefining \smash on input line 940.
LaTeX Info: Redefining \relbar on input line 970.
LaTeX Info: Redefining \Relbar on input line 971.
\c@MaxMatrixCols=\count198
\dotsspace@=\muskip16
\c@parentequation=\count199
\dspbrk@lvl=\count266
\tag@help=\toks23
\row@=\count267
\column@=\count268
\maxfields@=\count269
\andhelp@=\toks24
\eqnshift@=\dimen143
\alignsep@=\dimen144
\tagshift@=\dimen145
\tagwidth@=\dimen146
\totwidth@=\dimen147
\lineht@=\dimen148
\@envbody=\toks25
\multlinegap=\skip54
\multlinetaggap=\skip55
\mathdisplay@stack=\toks26
LaTeX Info: Redefining \[ on input line 2953.
LaTeX Info: Redefining \] on input line 2954.
)
(/usr/share/texmf-dist/tex/latex/siunitx/siunitx.sty
Package: siunitx 2023-03-04 v3.2.2 A comprehensive (SI) units package
\l__siunitx_angle_tmp_dim=\dimen149
\l__siunitx_angle_marker_box=\box53
\l__siunitx_angle_unit_box=\box54
\l__siunitx_compound_count_int=\count270

(/usr/share/texmf-dist/tex/latex/translations/translations.sty
Package: translations 2022/02/05 v1.12 internationalization of LaTeX2e packages
 (CN)

(/usr/share/texmf-dist/tex/latex/etoolbox/etoolbox.sty
Package: etoolbox 2020/10/05 v2.5k e-TeX tools for LaTeX (JAW)
\etb@tempcnta=\count271
)
(/usr/share/texmf-dist/tex/generic/pdftexcmds/pdftexcmds.sty
Package: pdftexcmds 2020-06-27 v0.33 Utility functions of pdfTeX for LuaTeX (HO
)

(/usr/share/texmf-dist/tex/generic/infwarerr/infwarerr.sty
Package: infwarerr 2019/12/03 v1.5 Providing info/warning/error messages (HO)
)
(/usr/share/texmf-dist/tex/generic/iftex/iftex.sty
Package: iftex 2022/02/03 v1.0f TeX engine tests
)
(/usr/share/texmf-dist/tex/generic/ltxcmds/ltxcmds.sty
Package: ltxcmds 2020-05-10 v1.25 LaTeX kernel commands for general use (HO)
)
Package pdftexcmds Info: \pdf@primitive is available.
Package pdftexcmds Info: \pdf@ifprimitive is available.
Package pdftexcmds Info: \pdfdraftmode found.
\pdftexcmds@toks=\toks27
))
\l__siunitx_number_exponent_fixed_int=\count272
\l__siunitx_number_min_decimal_int=\count273
\l__siunitx_number_min_integer_int=\count274
\l__siunitx_number_round_precision_int=\count275
\l__siunitx_number_lower_threshold_int=\count276
\l__siunitx_number_upper_threshold_int=\count277
\l__siunitx_number_group_first_int=\count278
\l__siunitx_number_group_size_int=\count279
\l__siunitx_number_group_minimum_int=\count280
\l__siunitx_table_tmp_box=\box55
\l__siunitx_table_tmp_dim=\dimen150
\l__siunitx_table_column_width_dim=\dimen151
\l__siunitx_table_integer_box=\box56
\l__siunitx_table_decimal_box=\box57
\l__siunitx_table_uncert_box=\box58
\l__siunitx_table_before_box=\box59
\l__siunitx_table_after_box=\box60
\l__siunitx_table_before_dim=\dimen152
\l__siunitx_table_carry_dim=\dimen153
\l__siunitx_unit_tmp_int=\count281
\l__siunitx_unit_position_int=\count282
\l__siunitx_unit_total_int=\count283

(/usr/share/texmf-dist/tex/latex/tools/array.sty
Package: array 2022/09/04 v2.5g Tabular extension package (FMi)
\col@sep=\dimen154
\ar@mcellbox=\box61
\extrarowheight=\dimen155
\NC@list=\toks28
\extratabsurround=\skip56
\backup@length=\skip57
\ar@cellbox=\box62
))
(/usr/share/texmf-dist/tex/latex/enumitem/enumitem.sty
Package: enumitem 2019/06/20 v3.9 Customized lists
\enitkv@toks@=\toks29
\labelindent=\skip58
\enit@outerparindent=\dimen156
\enit@toks=\toks30
\enit@inbox=\box63
\enit@count@id=\count284
\enitdp@description=\count285
)
(/usr/share/texmf-dist/tex/latex/xcolor/xcolor.sty
Package: xcolor 2022/06/12 v2.14 LaTeX color extensions (UK)

(/usr/share/texmf-dist/tex/latex/graphics-cfg/color.cfg
File: color.cfg 2016/01/02 v1.6 sample color configuration
)
Package xcolor Info: Driver file: luatex.def on input line 227.

(/usr/share/texmf-dist/tex/latex/graphics-def/luatex.def
File: luatex.def 2022/09/22 v1.2d Graphics/color driver for luatex
)
(/usr/share/texmf-dist/tex/latex/graphics/mathcolor.ltx)
Package xcolor Info: Model `cmy' substituted by `cmy0' on input line 1353.
Package xcolor Info: Model `hsb' substituted by `rgb' on input line 1357.
Package xcolor Info: Model `RGB' extended on input line 1369.
Package xcolor Info: Model `HTML' substituted by `rgb' on input line 1371.
Package xcolor Info: Model `Hsb' substituted by `hsb' on input line 1372.
Package xcolor Info: Model `tHsb' substituted by `hsb' on input line 1373.
Package xcolor Info: Model `HSB' substituted by `hsb' on input line 1374.
Package xcolor Info: Model `Gray' substituted by `gray' on input line 1375.
Package xcolor Info: Model `wave' substituted by `hsb' on input line 1376.

(/usr/share/texmf-dist/tex/latex/xcolor/svgnam.def
File: svgnam.def 2022/06/12 v2.14 Predefined colors according to SVG 1.1 (UK)
))
(/usr/share/texmf-dist/tex/latex/fancyhdr/fancyhdr.sty
Package: fancyhdr 2022/11/09 v4.1 Extensive control of page headers and footers

\f@nch@headwidth=\skip59
\f@nch@O@elh=\skip60
\f@nch@O@erh=\skip61
\f@nch@O@olh=\skip62
\f@nch@O@orh=\skip63
\f@nch@O@elf=\skip64
\f@nch@O@erf=\skip65
\f@nch@O@olf=\skip66
\f@nch@O@orf=\skip67
)
(/usr/share/texmf-dist/tex/latex/hyperref/hyperref.sty
Package: hyperref 2023-02-07 v7.00v Hypertext links for LaTeX

(/usr/share/texmf-dist/tex/latex/graphics/keyval.sty
Package: keyval 2022/05/29 v1.15 key=value parser (DPC)
\KV@toks@=\toks31
)
(/usr/share/texmf-dist/tex/latex/kvsetkeys/kvsetkeys.sty
Package: kvsetkeys 2022-10-05 v1.19 Key value parser (HO)
)
(/usr/share/texmf-dist/tex/generic/kvdefinekeys/kvdefinekeys.sty
Package: kvdefinekeys 2019-12-19 v1.6 Define keys (HO)
)
(/usr/share/texmf-dist/tex/generic/pdfescape/pdfescape.sty
Package: pdfescape 2019/12/09 v1.15 Implements pdfTeX's escape features (HO)
)
(/usr/share/texmf-dist/tex/latex/hycolor/hycolor.sty
Package: hycolor 2020-01-27 v1.10 Color options for hyperref/bookmark (HO)
)
(/usr/share/texmf-dist/tex/latex/letltxmacro/letltxmacro.sty
Package: letltxmacro 2019/12/03 v1.6 Let assignment for LaTeX macros (HO)
)
(/usr/share/texmf-dist/tex/latex/auxhook/auxhook.sty
Package: auxhook 2019-12-17 v1.6 Hooks for auxiliary files (HO)
)
(/usr/share/texmf-dist/tex/latex/hyperref/nameref.sty
Package: nameref 2022-05-17 v2.50 Cross-referencing by name of section

(/usr/share/texmf-dist/tex/latex/refcount/refcount.sty
Package: refcount 2019/12/15 v3.6 Data extraction from label references (HO)
)
(/usr/share/texmf-dist/tex/generic/gettitlestring/gettitlestring.sty
Package: gettitlestring 2019/12/15 v1.6 Cleanup title references (HO)

(/usr/share/texmf-dist/tex/latex/kvoptions/kvoptions.sty
Package: kvoptions 2022-06-15 v3.15 Key value format for package options (HO)
))
\c@section@level=\count286
)
\@linkdim=\dimen157
\Hy@linkcounter=\count287
\Hy@pagecounter=\count288

(/usr/share/texmf-dist/tex/latex/hyperref/pd1enc.def
File: pd1enc.def 2023-02-07 v7.00v Hyperref: PDFDocEncoding definition (HO)
)
(/usr/share/texmf-dist/tex/generic/intcalc/intcalc.sty
Package: intcalc 2019/12/15 v1.3 Expandable calculations with integers (HO)
)
(/usr/share/texmf-dist/tex/generic/etexcmds/etexcmds.sty
Package: etexcmds 2019/12/15 v1.7 Avoid name clashes with e-TeX commands (HO)
)
\Hy@SavedSpaceFactor=\count289

(/usr/share/texmf-dist/tex/latex/hyperref/puenc.def
File: puenc.def 2023-02-07 v7.00v Hyperref: PDF Unicode definition (HO)
)
Package hyperref Info: Hyper figures OFF on input line 4177.
Package hyperref Info: Link nesting OFF on input line 4182.
Package hyperref Info: Hyper index ON on input line 4185.
Package hyperref Info: Plain pages OFF on input line 4192.
Package hyperref Info: Backreferencing OFF on input line 4197.
Package hyperref Info: Implicit mode ON; LaTeX internals redefined.
Package hyperref Info: Bookmarks ON on input line 4425.
\c@Hy@tempcnt=\count290

(/usr/share/texmf-dist/tex/latex/url/url.sty
\Urlmuskip=\muskip17
Package: url 2013/09/16  ver 3.4  Verb mode for urls, etc.
)
LaTeX Info: Redefining \url on input line 4763.
\XeTeXLinkMargin=\dimen158

(/usr/share/texmf-dist/tex/generic/bitset/bitset.sty
Package: bitset 2019/12/09 v1.3 Handle bit-vector datatype (HO)

(/usr/share/texmf-dist/tex/generic/bigintcalc/bigintcalc.sty
Package: bigintcalc 2019/12/15 v1.5 Expandable calculations on big integers (HO
)
))
\Fld@menulength=\count291
\Field@Width=\dimen159
\Fld@charsize=\dimen160
Package hyperref Info: Hyper figures OFF on input line 6042.
Package hyperref Info: Link nesting OFF on input line 6047.
Package hyperref Info: Hyper index ON on input line 6050.
Package hyperref Info: backreferencing OFF on input line 6057.
Package hyperref Info: Link coloring OFF on input line 6062.
Package hyperref Info: Link coloring with OCG OFF on input line 6067.
Package hyperref Info: PDF/A mode OFF on input line 6072.

(/usr/share/texmf-dist/tex/latex/base/atbegshi-ltx.sty
Package: atbegshi-ltx 2021/01/10 v1.0c Emulation of the original atbegshi
package with kernel methods
)
\Hy@abspage=\count292
\c@Item=\count293
\c@Hfootnote=\count294
)
Package hyperref Info: Driver (autodetected): hluatex.

(/usr/share/texmf-dist/tex/latex/hyperref/hluatex.def
File: hluatex.def 2023-02-07 v7.00v Hyperref driver for luaTeX

(/usr/share/texmf-dist/tex/generic/stringenc/stringenc.sty
Package: stringenc 2019/11/29 v1.12 Convert strings between diff. encodings (HO
)
)
(/usr/share/texmf-dist/tex/latex/base/atveryend-ltx.sty
Package: atveryend-ltx 2020/08/19 v1.0a Emulation of the original atveryend pac
kage
with kernel methods
)
\Fld@listcount=\count295
\c@bookmark@seq@number=\count296

(/usr/share/texmf-dist/tex/latex/rerunfilecheck/rerunfilecheck.sty
Package: rerunfilecheck 2022-07-10 v1.10 Rerun checks for auxiliary files (HO)

(/usr/share/texmf-dist/tex/generic/uniquecounter/uniquecounter.sty
Package: uniquecounter 2019/12/15 v1.4 Provide unlimited unique counter (HO)
)
Package uniquecounter Info: New unique counter `rerunfilecheck' on input line 2
85.
)
\Hy@SectionHShift=\skip68
)
(/usr/share/texmf-dist/tex/latex/graphics/graphicx.sty
Package: graphicx 2021/09/16 v1.2d Enhanced LaTeX Graphics (DPC,SPQR)

(/usr/share/texmf-dist/tex/latex/graphics/graphics.sty
Package: graphics 2022/03/10 v1.4e Standard LaTeX Graphics (DPC,SPQR)

(/usr/share/texmf-dist/tex/latex/graphics/trig.sty
Package: trig 2021/08/11 v1.11 sin cos tan (DPC)
)
(/usr/share/texmf-dist/tex/latex/graphics-cfg/graphics.cfg
File: graphics.cfg 2016/06/04 v1.11 sample graphics configuration
)
Package graphics Info: Driver file: luatex.def on input line 107.
)
\Gin@req@height=\dimen161
\Gin@req@width=\dimen162
)
(/usr/share/texmf-dist/tex/latex/tools/calc.sty
Package: calc 2017/05/25 v4.3 Infix arithmetic (KKT,FJ)
\calc@Acount=\count297
\calc@Bcount=\count298
\calc@Adimen=\dimen163
\calc@Bdimen=\dimen164
\calc@Askip=\skip69
\calc@Bskip=\skip70
LaTeX Info: Redefining \setlength on input line 80.
LaTeX Info: Redefining \addtolength on input line 81.
\calc@Ccount=\count299
\calc@Cskip=\skip71
)
(/usr/share/texmf-dist/tex/latex/mdframed/mdframed.sty
Package: mdframed 2013/07/01 1.9b: mdframed

(/usr/share/texmf-dist/tex/latex/l3packages/xparse/xparse.sty
(/usr/share/texmf-dist/tex/latex/l3kernel/expl3.sty
Package: expl3 2023-02-22 L3 programming layer (loader) 

(/usr/share/texmf-dist/tex/latex/l3backend/l3backend-luatex.def
File: l3backend-luatex.def 2023-01-16 L3 backend support: PDF output (LuaTeX)
\l__color_backend_stack_int=\count300
\l__pdf_internal_box=\box64
))
Package: xparse 2023-02-02 L3 Experimental document command parser
)
(/usr/share/texmf-dist/tex/latex/zref/zref-abspage.sty
Package: zref-abspage 2022-04-07 v2.34 Module abspage for zref (HO)

(/usr/share/texmf-dist/tex/latex/zref/zref-base.sty
Package: zref-base 2022-04-07 v2.34 Module base for zref (HO)
Package zref Info: New property list: main on input line 767.
Package zref Info: New property: default on input line 768.
Package zref Info: New property: page on input line 769.
)
\c@abspage=\count301
Package zref Info: New property: abspage on input line 65.
)
(/usr/share/texmf-dist/tex/latex/needspace/needspace.sty
Package: needspace 2010/09/12 v1.3d reserve vertical space
)
\mdf@templength=\skip72
\c@mdf@globalstyle@cnt=\count302
\mdf@skipabove@length=\skip73
\mdf@skipbelow@length=\skip74
\mdf@leftmargin@length=\skip75
\mdf@rightmargin@length=\skip76
\mdf@innerleftmargin@length=\skip77
\mdf@innerrightmargin@length=\skip78
\mdf@innertopmargin@length=\skip79
\mdf@innerbottommargin@length=\skip80
\mdf@splittopskip@length=\skip81
\mdf@splitbottomskip@length=\skip82
\mdf@outermargin@length=\skip83
\mdf@innermargin@length=\skip84
\mdf@linewidth@length=\skip85
\mdf@innerlinewidth@length=\skip86
\mdf@middlelinewidth@length=\skip87
\mdf@outerlinewidth@length=\skip88
\mdf@roundcorner@length=\skip89
\mdf@footenotedistance@length=\skip90
\mdf@userdefinedwidth@length=\skip91
\mdf@needspace@length=\skip92
\mdf@frametitleaboveskip@length=\skip93
\mdf@frametitlebelowskip@length=\skip94
\mdf@frametitlerulewidth@length=\skip95
\mdf@frametitleleftmargin@length=\skip96
\mdf@frametitlerightmargin@length=\skip97
\mdf@shadowsize@length=\skip98
\mdf@extratopheight@length=\skip99
\mdf@subtitleabovelinewidth@length=\skip100
\mdf@subtitlebelowlinewidth@length=\skip101
\mdf@subtitleaboveskip@length=\skip102
\mdf@subtitlebelowskip@length=\skip103
\mdf@subtitleinneraboveskip@length=\skip104
\mdf@subtitleinnerbelowskip@length=\skip105
\mdf@subsubtitleabovelinewidth@length=\skip106
\mdf@subsubtitlebelowlinewidth@length=\skip107
\mdf@subsubtitleaboveskip@length=\skip108
\mdf@subsubtitlebelowskip@length=\skip109
\mdf@subsubtitleinneraboveskip@length=\skip110
\mdf@subsubtitleinnerbelowskip@length=\skip111

(/usr/share/texmf-dist/tex/latex/mdframed/md-frame-0.mdf
File: md-frame-0.mdf 2013/07/01\ 1.9b: md-frame-0
)
\mdf@frametitlebox=\box65
\mdf@footnotebox=\box66
\mdf@splitbox@one=\box67
\mdf@splitbox@two=\box68
\mdf@splitbox@save=\box69
\mdfsplitboxwidth=\skip112
\mdfsplitboxtotalwidth=\skip113
\mdfsplitboxheight=\skip114
\mdfsplitboxdepth=\skip115
\mdfsplitboxtotalheight=\skip116
\mdfframetitleboxwidth=\skip117
\mdfframetitleboxtotalwidth=\skip118
\mdfframetitleboxheight=\skip119
\mdfframetitleboxdepth=\skip120
\mdfframetitleboxtotalheight=\skip121
\mdffootnoteboxwidth=\skip122
\mdffootnoteboxtotalwidth=\skip123
\mdffootnoteboxheight=\skip124
\mdffootnoteboxdepth=\skip125
\mdffootnoteboxtotalheight=\skip126
\mdftotallinewidth=\skip127
\mdfboundingboxwidth=\skip128
\mdfboundingboxtotalwidth=\skip129
\mdfboundingboxheight=\skip130
\mdfboundingboxdepth=\skip131
\mdfboundingboxtotalheight=\skip132
\mdf@freevspace@length=\skip133
\mdf@horizontalwidthofbox@length=\skip134
\mdf@verticalmarginwhole@length=\skip135
\mdf@horizontalspaceofbox=\skip136
\mdfsubtitleheight=\skip137
\mdfsubsubtitleheight=\skip138
\c@mdfcountframes=\count303

****** mdframed patching \endmdf@trivlist

****** -- success******

\mdf@envdepth=\count304
\c@mdf@env@i=\count305
\c@mdf@env@ii=\count306
\c@mdf@zref@counter=\count307
Package zref Info: New property: mdf@pagevalue on input line 895.
)
(/usr/share/texmf-dist/tex/latex/unicode-math/unicode-math-luatex.sty
Package: unicode-math-luatex 2020/01/31 v0.8q Unicode maths in XeLaTeX and LuaL
aTeX

(/usr/share/texmf-dist/tex/latex/l3packages/l3keys2e/l3keys2e.sty
Package: l3keys2e 2023-02-02 LaTeX2e option processing using LaTeX3 keys
)
(/usr/share/texmf-dist/tex/latex/fontspec/fontspec.sty
Package: fontspec 2022/01/15 v2.8a Font selection for XeLaTeX and LuaLaTeX
Lua module: fontspec 2022/01/15 2.8a Font selection for XeLaTeX and LuaLaTeX
(/usr/share/texmf-dist/tex/latex/fontspec/fontspec-luatex.sty
Package: fontspec-luatex 2022/01/15 v2.8a Font selection for XeLaTeX and LuaLaT
eX
\l__fontspec_script_int=\count308
\l__fontspec_language_int=\count309
\l__fontspec_strnum_int=\count310
\l__fontspec_tmp_int=\count311
\l__fontspec_tmpa_int=\count312
\l__fontspec_tmpb_int=\count313
\l__fontspec_tmpc_int=\count314
\l__fontspec_em_int=\count315
\l__fontspec_emdef_int=\count316
\l__fontspec_strong_int=\count317
\l__fontspec_strongdef_int=\count318
\l__fontspec_tmpa_dim=\dimen165
\l__fontspec_tmpb_dim=\dimen166
\l__fontspec_tmpc_dim=\dimen167

(/usr/share/texmf-dist/tex/latex/base/fontenc.sty
Package: fontenc 2021/04/29 v2.0v Standard LaTeX package
)
(/usr/share/texmf-dist/tex/latex/fontspec/fontspec.cfg)))
(/usr/share/texmf-dist/tex/latex/base/fix-cm.sty
Package: fix-cm 2020/11/24 v1.1t fixes to LaTeX

(/usr/share/texmf-dist/tex/latex/base/ts1enc.def
File: ts1enc.def 2001/06/05 v3.0e (jk/car/fm) Standard LaTeX file
LaTeX Font Info:    Redeclaring font encoding TS1 on input line 47.
))
(/usr/share/texmf-dist/tex/lualatex/lualatex-math/lualatex-math.sty
Package: lualatex-math 2022/01/01 v1.12 Patches for mathematics typesetting wit
h LuaLaTeX
Lua module: lualatex-math 2013/08/03 1.3 Patches for mathematics typesetting wit
h LuaLaTeX)
\g__um_fam_int=\count319
\g__um_fonts_used_int=\count320
\l__um_primecount_int=\count321
\g__um_primekern_muskip=\muskip18

(/usr/share/texmf-dist/tex/latex/unicode-math/unicode-math-table.tex))
luaotfload | cache : Lookup cache loaded from /home/alessio/.texlive/texmf-var/l
uatex-cache/generic/names/luaotfload-lookup-cache.luc.

Package fontspec Info: Could not resolve font "HelveticaNeue/BI" (it probably
(fontspec)             doesn't exist).

luaotfload | aux : font no 22 (nil) does not define feature smcp for script latn
 with language dflt
luaotfload | aux : font no 23 (nil) does not define feature smcp for script latn
 with language dflt
luaotfload | aux : font no 24 (nil) does not define feature smcp for script latn
 with language dflt

Package fontspec Info: Font family 'HelveticaNeue(0)' created for font
(fontspec)             'Helvetica Neue' with options [Ligatures=TeX].
(fontspec)              
(fontspec)              This font family consists of the following NFSS
(fontspec)             series/shapes:
(fontspec)              
(fontspec)             - 'normal' (m/n) with NFSS spec.:
(fontspec)             <->"HelveticaNeue:mode=node;script=latn;language=dflt;+t
lig;"
(fontspec)             - 'small caps'  (m/sc) with NFSS spec.: 
(fontspec)             - 'bold' (b/n) with NFSS spec.:
(fontspec)             <->"HelveticaNeue/B:mode=node;script=latn;language=dflt;
+tlig;"
(fontspec)             - 'bold small caps'  (b/sc) with NFSS spec.: 
(fontspec)             - 'italic' (m/it) with NFSS spec.:
(fontspec)             <->"HelveticaNeue/I:mode=node;script=latn;language=dflt;
+tlig;"
(fontspec)             - 'italic small caps'  (m/scit) with NFSS spec.: 


Package fontspec Info: Could not resolve font "HelveticaNeue/BI" (it probably
(fontspec)             doesn't exist).

luaotfload | aux : font no 30 (nil) does not define feature smcp for script latn
 with language dflt
luaotfload | aux : font no 31 (nil) does not define feature smcp for script latn
 with language dflt
luaotfload | aux : font no 32 (nil) does not define feature smcp for script latn
 with language dflt

Package fontspec Info: Font family 'HelveticaNeue(1)' created for font
(fontspec)             'Helvetica Neue' with options [Renderer=Basic].
(fontspec)              
(fontspec)              This font family consists of the following NFSS
(fontspec)             series/shapes:
(fontspec)              
(fontspec)             - 'normal' (m/n) with NFSS spec.:
(fontspec)             <->"HelveticaNeue:mode=base;script=latn;language=dflt;"
(fontspec)             - 'small caps'  (m/sc) with NFSS spec.: 
(fontspec)             - 'bold' (b/n) with NFSS spec.:
(fontspec)             <->"HelveticaNeue/B:mode=base;script=latn;language=dflt;
"
(fontspec)             - 'bold small caps'  (b/sc) with NFSS spec.: 
(fontspec)             - 'italic' (m/it) with NFSS spec.:
(fontspec)             <->"HelveticaNeue/I:mode=base;script=latn;language=dflt;
"
(fontspec)             - 'italic small caps'  (m/scit) with NFSS spec.: 

LaTeX Font Info:    Overwriting math alphabet `\mathrm' in version `normal'
(Font)                  OT1/cmr/m/n --> TU/HelveticaNeue(1)/m/n on input line 2
1.
LaTeX Font Info:    Overwriting math alphabet `\mathit' in version `normal'
(Font)                  OT1/cmr/m/it --> TU/HelveticaNeue(1)/m/it on input line
 21.
LaTeX Font Info:    Overwriting math alphabet `\mathbf' in version `normal'
(Font)                  OT1/cmr/bx/n --> TU/HelveticaNeue(1)/b/n on input line 
21.

(/usr/share/texmf-dist/tex/latex/lm/lmodern.sty
Package: lmodern 2015/05/01 v1.6.1 Latin Modern Fonts
LaTeX Font Info:    Overwriting symbol font `operators' in version `normal'
(Font)                  OT1/cmr/m/n --> OT1/lmr/m/n on input line 22.
LaTeX Font Info:    Overwriting symbol font `letters' in version `normal'
(Font)                  OML/cmm/m/it --> OML/lmm/m/it on input line 23.
LaTeX Font Info:    Overwriting symbol font `symbols' in version `normal'
(Font)                  OMS/cmsy/m/n --> OMS/lmsy/m/n on input line 24.
LaTeX Font Info:    Overwriting symbol font `largesymbols' in version `normal'
(Font)                  OMX/cmex/m/n --> OMX/lmex/m/n on input line 25.
LaTeX Font Info:    Overwriting symbol font `operators' in version `bold'
(Font)                  OT1/cmr/bx/n --> OT1/lmr/bx/n on input line 26.
LaTeX Font Info:    Overwriting symbol font `letters' in version `bold'
(Font)                  OML/cmm/b/it --> OML/lmm/b/it on input line 27.
LaTeX Font Info:    Overwriting symbol font `symbols' in version `bold'
(Font)                  OMS/cmsy/b/n --> OMS/lmsy/b/n on input line 28.
LaTeX Font Info:    Overwriting symbol font `largesymbols' in version `bold'
(Font)                  OMX/cmex/m/n --> OMX/lmex/m/n on input line 29.
LaTeX Font Info:    Overwriting math alphabet `\mathbf' in version `normal'
(Font)                  TU/HelveticaNeue(1)/b/n --> OT1/lmr/bx/n on input line 
31.
LaTeX Font Info:    Overwriting math alphabet `\mathsf' in version `normal'
(Font)                  OT1/cmss/m/n --> OT1/lmss/m/n on input line 32.
LaTeX Font Info:    Overwriting math alphabet `\mathit' in version `normal'
(Font)                  TU/HelveticaNeue(1)/m/it --> OT1/lmr/m/it on input line
 33.
LaTeX Font Info:    Overwriting math alphabet `\mathtt' in version `normal'
(Font)                  OT1/cmtt/m/n --> OT1/lmtt/m/n on input line 34.
LaTeX Font Info:    Overwriting math alphabet `\mathbf' in version `bold'
(Font)                  OT1/cmr/bx/n --> OT1/lmr/bx/n on input line 35.
LaTeX Font Info:    Overwriting math alphabet `\mathsf' in version `bold'
(Font)                  OT1/cmss/bx/n --> OT1/lmss/bx/n on input line 36.
LaTeX Font Info:    Overwriting math alphabet `\mathit' in version `bold'
(Font)                  OT1/cmr/bx/it --> OT1/lmr/bx/it on input line 37.
LaTeX Font Info:    Overwriting math alphabet `\mathtt' in version `bold'
(Font)                  OT1/cmtt/m/n --> OT1/lmtt/m/n on input line 38.
)

Package fontspec Info: Could not resolve font "LatinModernMath/B" (it probably
(fontspec)             doesn't exist).


Package fontspec Info: Font family 'LatinModernMath(0)' created for font
(fontspec)             'Latin Modern Math' with options
(fontspec)             [Renderer=Basic,BoldItalicFont={},ItalicFont={},SmallCap
sFont={},Script=Math,FontAdjustment={\__um_luatex_copy_fontdimens:
(fontspec)             }].
(fontspec)              
(fontspec)              This font family consists of the following NFSS
(fontspec)             series/shapes:
(fontspec)              
(fontspec)             - 'normal' (m/n) with NFSS spec.:
(fontspec)             <->"LatinModernMath:mode=base;script=math;language=dflt;
"
(fontspec)             - 'small caps'  (m/sc) with NFSS spec.: 
(fontspec)             and font adjustment code:
(fontspec)             \__um_luatex_copy_fontdimens: 


Package fontspec Info: Could not resolve font "LatinModernMath/B" (it probably
(fontspec)             doesn't exist).


Package fontspec Info: Font family 'LatinModernMath(1)' created for font
(fontspec)             'Latin Modern Math' with options
(fontspec)             [Renderer=Basic,BoldItalicFont={},ItalicFont={},SmallCap
sFont={},Script=Math,SizeFeatures={{Size=10.2-},{Size=7.2-10.2,Font=Latin
(fontspec)             Modern Math,Style=MathScript},{Size=-7.2,Font=Latin
(fontspec)             Modern
(fontspec)             Math,Style=MathScriptScript}},FontAdjustment={\__um_luat
ex_copy_fontdimens:
(fontspec)             }].
(fontspec)              
(fontspec)              This font family consists of the following NFSS
(fontspec)             series/shapes:
(fontspec)              
(fontspec)             - 'normal' (m/n) with NFSS spec.:
(fontspec)             <10.2->"LatinModernMath:mode=base;script=math;language=d
flt;"<7.2-10.2>"LatinModernMath:mode=base;script=math;language=dflt;+ssty=0;"<-
7.2>"LatinModernMath:mode=base;script=math;language=dflt;+ssty=1;"
(fontspec)             - 'small caps'  (m/sc) with NFSS spec.: 
(fontspec)             and font adjustment code:
(fontspec)             \__um_luatex_copy_fontdimens: 

LaTeX Font Info:    Encoding `OT1' has changed to `TU' for symbol font
(Font)              `operators' in the math version `normal' on input line 24.
LaTeX Font Info:    Overwriting symbol font `operators' in version `normal'
(Font)                  OT1/lmr/m/n --> TU/LatinModernMath(1)/m/n on input line
 24.
LaTeX Font Info:    Encoding `OT1' has changed to `TU' for symbol font
(Font)              `operators' in the math version `bold' on input line 24.
LaTeX Font Info:    Overwriting symbol font `operators' in version `bold'
(Font)                  OT1/lmr/bx/n --> TU/LatinModernMath(1)/b/n on input lin
e 24.

Package fontspec Info: LatinModernMath scale = 1.0001.


Package fontspec Info: Could not resolve font "LatinModernMath/B" (it probably
(fontspec)             doesn't exist).


Package fontspec Info: LatinModernMath scale = 1.0001.


Package fontspec Info: LatinModernMath scale = 1.0001.


Package fontspec Info: LatinModernMath scale = 1.0001.


Package fontspec Info: Font family 'LatinModernMath(2)' created for font
(fontspec)             'Latin Modern Math' with options
(fontspec)             [Renderer=Basic,BoldItalicFont={},ItalicFont={},SmallCap
sFont={},Script=Math,SizeFeatures={{Size=10.2-},{Size=7.2-10.2,Font=Latin
(fontspec)             Modern Math,Style=MathScript},{Size=-7.2,Font=Latin
(fontspec)             Modern
(fontspec)             Math,Style=MathScriptScript}},FontAdjustment={\__um_luat
ex_copy_fontdimens:
(fontspec)             },ScaleAgain=1.0001,FontAdjustment={\fontdimen 8\font
(fontspec)             =8.124pt\relax \fontdimen 9\font =4.728pt\relax
(fontspec)             \fontdimen 10\font =5.32799pt\relax \fontdimen 11\font
(fontspec)             =8.232pt\relax \fontdimen 12\font =4.14pt\relax
(fontspec)             \fontdimen 13\font =4.35599pt\relax \fontdimen 14\font
(fontspec)             =4.35599pt\relax \fontdimen 15\font =3.46799pt\relax
(fontspec)             \fontdimen 16\font =2.96399pt\relax \fontdimen 17\font
(fontspec)             =2.96399pt\relax \fontdimen 18\font =3.0pt\relax
(fontspec)             \fontdimen 19\font =2.4pt\relax \fontdimen 22\font
(fontspec)             =3.0pt\relax \fontdimen 20\font =0pt\relax \fontdimen
(fontspec)             21\font =0pt\relax }].
(fontspec)              
(fontspec)              This font family consists of the following NFSS
(fontspec)             series/shapes:
(fontspec)              
(fontspec)             - 'normal' (m/n) with NFSS spec.:
(fontspec)             <10.2->s*[1.0001]"LatinModernMath:mode=base;script=math;
language=dflt;"<7.2-10.2>s*[1.0001]"LatinModernMath:mode=base;script=math;langu
age=dflt;+ssty=0;"<-7.2>s*[1.0001]"LatinModernMath:mode=base;script=math;langua
ge=dflt;+ssty=1;"
(fontspec)             - 'small caps'  (m/sc) with NFSS spec.: 
(fontspec)             and font adjustment code:
(fontspec)             \__um_luatex_copy_fontdimens: \fontdimen 8\font
(fontspec)             =8.124pt\relax \fontdimen 9\font =4.728pt\relax
(fontspec)             \fontdimen 10\font =5.32799pt\relax \fontdimen 11\font
(fontspec)             =8.232pt\relax \fontdimen 12\font =4.14pt\relax
(fontspec)             \fontdimen 13\font =4.35599pt\relax \fontdimen 14\font
(fontspec)             =4.35599pt\relax \fontdimen 15\font =3.46799pt\relax
(fontspec)             \fontdimen 16\font =2.96399pt\relax \fontdimen 17\font
(fontspec)             =2.96399pt\relax \fontdimen 18\font =3.0pt\relax
(fontspec)             \fontdimen 19\font =2.4pt\relax \fontdimen 22\font
(fontspec)             =3.0pt\relax \fontdimen 20\font =0pt\relax \fontdimen
(fontspec)             21\font =0pt\relax 

LaTeX Font Info:    Encoding `OMS' has changed to `TU' for symbol font
(Font)              `symbols' in the math version `normal' on input line 24.
LaTeX Font Info:    Overwriting symbol font `symbols' in version `normal'
(Font)                  OMS/lmsy/m/n --> TU/LatinModernMath(2)/m/n on input lin
e 24.
LaTeX Font Info:    Encoding `OMS' has changed to `TU' for symbol font
(Font)              `symbols' in the math version `bold' on input line 24.
LaTeX Font Info:    Overwriting symbol font `symbols' in version `bold'
(Font)                  OMS/lmsy/b/n --> TU/LatinModernMath(2)/b/n on input lin
e 24.

Package fontspec Info: LatinModernMath scale = 0.9999.


Package fontspec Info: Could not resolve font "LatinModernMath/B" (it probably
(fontspec)             doesn't exist).


Package fontspec Info: LatinModernMath scale = 0.9999.


Package fontspec Info: LatinModernMath scale = 0.9999.


Package fontspec Info: LatinModernMath scale = 0.9999.


Package fontspec Info: Font family 'LatinModernMath(3)' created for font
(fontspec)             'Latin Modern Math' with options
(fontspec)             [Renderer=Basic,BoldItalicFont={},ItalicFont={},SmallCap
sFont={},Script=Math,SizeFeatures={{Size=10.2-},{Size=7.2-10.2,Font=Latin
(fontspec)             Modern Math,Style=MathScript},{Size=-7.2,Font=Latin
(fontspec)             Modern
(fontspec)             Math,Style=MathScriptScript}},FontAdjustment={\__um_luat
ex_copy_fontdimens:
(fontspec)             },ScaleAgain=0.9999,FontAdjustment={\fontdimen 8\font
(fontspec)             =0.48pt\relax \fontdimen 9\font =2.4pt\relax \fontdimen
(fontspec)             10\font =2.004pt\relax \fontdimen 11\font
(fontspec)             =1.33199pt\relax \fontdimen 12\font =7.2pt\relax
(fontspec)             \fontdimen 13\font =0pt\relax }].
(fontspec)              
(fontspec)              This font family consists of the following NFSS
(fontspec)             series/shapes:
(fontspec)              
(fontspec)             - 'normal' (m/n) with NFSS spec.:
(fontspec)             <10.2->s*[0.9999]"LatinModernMath:mode=base;script=math;
language=dflt;"<7.2-10.2>s*[0.9999]"LatinModernMath:mode=base;script=math;langu
age=dflt;+ssty=0;"<-7.2>s*[0.9999]"LatinModernMath:mode=base;script=math;langua
ge=dflt;+ssty=1;"
(fontspec)             - 'small caps'  (m/sc) with NFSS spec.: 
(fontspec)             and font adjustment code:
(fontspec)             \__um_luatex_copy_fontdimens: \fontdimen 8\font
(fontspec)             =0.48pt\relax \fontdimen 9\font =2.4pt\relax \fontdimen
(fontspec)             10\font =2.004pt\relax \fontdimen 11\font
(fontspec)             =1.33199pt\relax \fontdimen 12\font =7.2pt\relax
(fontspec)             \fontdimen 13\font =0pt\relax 

LaTeX Font Info:    Encoding `OMX' has changed to `TU' for symbol font
(Font)              `largesymbols' in the math version `normal' on input line 2
4.
LaTeX Font Info:    Overwriting symbol font `largesymbols' in version `normal'
(Font)                  OMX/lmex/m/n --> TU/LatinModernMath(3)/m/n on input lin
e 24.
LaTeX Font Info:    Encoding `OMX' has changed to `TU' for symbol font
(Font)              `largesymbols' in the math version `bold' on input line 24.

LaTeX Font Info:    Overwriting symbol font `largesymbols' in version `bold'
(Font)                  OMX/lmex/m/n --> TU/LatinModernMath(3)/b/n on input lin
e 24.
LaTeX Font Info:    Trying to load font information for OML+lmm on input line 2
4.

(/usr/share/texmf-dist/tex/latex/lm/omllmm.fd
File: omllmm.fd 2015/05/01 v1.6.1 Font defs for Latin Modern
)
LaTeX Font Info:    Font shape `TU/LatinModernMath(2)/m/n' will be
(Font)              scaled to size 12.00128pt on input line 24.
LaTeX Font Info:    Font shape `TU/LatinModernMath(2)/m/n' will be
(Font)              scaled to size 8.40088pt on input line 24.
LaTeX Font Info:    Font shape `TU/LatinModernMath(2)/m/n' will be
(Font)              scaled to size 6.00064pt on input line 24.
LaTeX Font Info:    Font shape `TU/LatinModernMath(3)/m/n' will be
(Font)              scaled to size 11.99872pt on input line 24.
LaTeX Font Info:    Font shape `TU/LatinModernMath(3)/m/n' will be
(Font)              scaled to size 8.3991pt on input line 24.
LaTeX Font Info:    Font shape `TU/LatinModernMath(3)/m/n' will be
(Font)              scaled to size 5.99936pt on input line 24.

(/usr/share/texmf-dist/tex/latex/geometry/geometry.sty
Package: geometry 2020/01/02 v5.9 Page Geometry

(/usr/share/texmf-dist/tex/generic/iftex/ifvtex.sty
Package: ifvtex 2019/10/25 v1.7 ifvtex legacy package. Use iftex instead.
)
\Gm@cnth=\count322
\Gm@cntv=\count323
\c@Gm@tempcnt=\count324
\Gm@bindingoffset=\dimen168
\Gm@wd@mp=\dimen169
\Gm@odd@mp=\dimen170
\Gm@even@mp=\dimen171
\Gm@layoutwidth=\dimen172
\Gm@layoutheight=\dimen173
\Gm@layouthoffset=\dimen174
\Gm@layoutvoffset=\dimen175
\Gm@dimlist=\toks32
)
(/usr/share/texmf-dist/tex/latex/booktabs/booktabs.sty
Package: booktabs 2020/01/12 v1.61803398 Publication quality tables
\heavyrulewidth=\dimen176
\lightrulewidth=\dimen177
\cmidrulewidth=\dimen178
\belowrulesep=\dimen179
\belowbottomsep=\dimen180
\aboverulesep=\dimen181
\abovetopsep=\dimen182
\cmidrulesep=\dimen183
\cmidrulekern=\dimen184
\defaultaddspace=\dimen185
\@cmidla=\count325
\@cmidlb=\count326
\@aboverulesep=\dimen186
\@belowrulesep=\dimen187
\@thisruleclass=\count327
\@lastruleclass=\count328
\@thisrulewidth=\dimen188
)
(/usr/share/texmf-dist/tex/latex/biblatex/biblatex.sty
Package: biblatex 2023/03/05 v3.19 programmable bibliographies (PK/MW)

(/usr/share/texmf-dist/tex/latex/logreq/logreq.sty
Package: logreq 2010/08/04 v1.0 xml request logger
\lrq@indent=\count329

(/usr/share/texmf-dist/tex/latex/logreq/logreq.def
File: logreq.def 2010/08/04 v1.0 logreq spec v1.0
))
(/usr/share/texmf-dist/tex/latex/base/ifthen.sty
Package: ifthen 2022/04/13 v1.1d Standard LaTeX ifthen package (DPC)
)
\c@tabx@nest=\count330
\c@listtotal=\count331
\c@listcount=\count332
\c@liststart=\count333
\c@liststop=\count334
\c@citecount=\count335
\c@citetotal=\count336
\c@multicitecount=\count337
\c@multicitetotal=\count338
\c@instcount=\count339
\c@maxnames=\count340
\c@minnames=\count341
\c@maxitems=\count342
\c@minitems=\count343
\c@citecounter=\count344
\c@maxcitecounter=\count345
\c@savedcitecounter=\count346
\c@uniquelist=\count347
\c@uniquename=\count348
\c@refsection=\count349
\c@refsegment=\count350
\c@maxextratitle=\count351
\c@maxextratitleyear=\count352
\c@maxextraname=\count353
\c@maxextradate=\count354
\c@maxextraalpha=\count355
\c@abbrvpenalty=\count356
\c@highnamepenalty=\count357
\c@lownamepenalty=\count358
\c@maxparens=\count359
\c@parenlevel=\count360
\blx@tempcnta=\count361
\blx@tempcntb=\count362
\blx@tempcntc=\count363
\c@blx@maxsection=\count364
\blx@maxsegment@0=\count365
\blx@notetype=\count366
\blx@parenlevel@text=\count367
\blx@parenlevel@foot=\count368
\blx@sectionciteorder@0=\count369
\blx@sectionciteorderinternal@0=\count370
\blx@entrysetcounter=\count371
\blx@biblioinstance=\count372
\labelnumberwidth=\skip139
\labelalphawidth=\skip140
\biblabelsep=\skip141
\bibitemsep=\skip142
\bibnamesep=\skip143
\bibinitsep=\skip144
\bibparsep=\skip145
\bibhang=\skip146
\blx@bcfin=\read2
\blx@bcfout=\write3
\blx@langwohyphens=\language2
\c@mincomprange=\count373
\c@maxcomprange=\count374
\c@mincompwidth=\count375
Package biblatex Info: Trying to load biblatex default data model...
Package biblatex Info: ... file 'blx-dm.def' found.

(/usr/share/texmf-dist/tex/latex/biblatex/blx-dm.def
File: blx-dm.def 2023/03/05 v3.19 biblatex localization (PK/MW)
)
Package biblatex Info: Trying to load biblatex style data model...
Package biblatex Info: ... file 'alphabetic.dbx' not found.
Package biblatex Info: Trying to load biblatex custom data model...
Package biblatex Info: ... file 'biblatex-dm.cfg' not found.
\c@afterword=\count376
\c@savedafterword=\count377
\c@annotator=\count378
\c@savedannotator=\count379
\c@author=\count380
\c@savedauthor=\count381
\c@bookauthor=\count382
\c@savedbookauthor=\count383
\c@commentator=\count384
\c@savedcommentator=\count385
\c@editor=\count386
\c@savededitor=\count387
\c@editora=\count388
\c@savededitora=\count389
\c@editorb=\count390
\c@savededitorb=\count391
\c@editorc=\count392
\c@savededitorc=\count393
\c@foreword=\count394
\c@savedforeword=\count395
\c@holder=\count396
\c@savedholder=\count397
\c@introduction=\count398
\c@savedintroduction=\count399
\c@namea=\count400
\c@savednamea=\count401
\c@nameb=\count402
\c@savednameb=\count403
\c@namec=\count404
\c@savednamec=\count405
\c@translator=\count406
\c@savedtranslator=\count407
\c@shortauthor=\count408
\c@savedshortauthor=\count409
\c@shorteditor=\count410
\c@savedshorteditor=\count411
\c@labelname=\count412
\c@savedlabelname=\count413
\c@institution=\count414
\c@savedinstitution=\count415
\c@lista=\count416
\c@savedlista=\count417
\c@listb=\count418
\c@savedlistb=\count419
\c@listc=\count420
\c@savedlistc=\count421
\c@listd=\count422
\c@savedlistd=\count423
\c@liste=\count424
\c@savedliste=\count425
\c@listf=\count426
\c@savedlistf=\count427
\c@location=\count428
\c@savedlocation=\count429
\c@organization=\count430
\c@savedorganization=\count431
\c@origlocation=\count432
\c@savedoriglocation=\count433
\c@origpublisher=\count434
\c@savedorigpublisher=\count435
\c@publisher=\count436
\c@savedpublisher=\count437
\c@language=\count438
\c@savedlanguage=\count439
\c@origlanguage=\count440
\c@savedoriglanguage=\count441
\c@pageref=\count442
\c@savedpageref=\count443
\shorthandwidth=\skip147
\shortjournalwidth=\skip148
\shortserieswidth=\skip149
\shorttitlewidth=\skip150
\shortauthorwidth=\skip151
\shorteditorwidth=\skip152
\locallabelnumberwidth=\skip153
\locallabelalphawidth=\skip154
\localshorthandwidth=\skip155
\localshortjournalwidth=\skip156
\localshortserieswidth=\skip157
\localshorttitlewidth=\skip158
\localshortauthorwidth=\skip159
\localshorteditorwidth=\skip160
Package biblatex Info: Trying to load enhanced support for Unicode engines...
Package biblatex Info: ... file 'blx-unicode.def' found.

(/usr/share/texmf-dist/tex/latex/biblatex/blx-unicode.def)
Package biblatex Info: Trying to load compatibility code...
Package biblatex Info: ... file 'blx-compat.def' found.

(/usr/share/texmf-dist/tex/latex/biblatex/blx-compat.def
File: blx-compat.def 2023/03/05 v3.19 biblatex compatibility (PK/MW)
)
Package biblatex Info: Trying to load generic definitions...
Package biblatex Info: ... file 'biblatex.def' found.

(/usr/share/texmf-dist/tex/latex/biblatex/biblatex.def
File: biblatex.def 2023/03/05 v3.19 biblatex compatibility (PK/MW)
\c@textcitecount=\count444
\c@textcitetotal=\count445
\c@textcitemaxnames=\count446
\c@biburlbigbreakpenalty=\count447
\c@biburlbreakpenalty=\count448
\c@biburlnumpenalty=\count449
\c@biburlucpenalty=\count450
\c@biburllcpenalty=\count451
\biburlbigskip=\muskip19
\biburlnumskip=\muskip20
\biburlucskip=\muskip21
\biburllcskip=\muskip22
\c@smartand=\count452
)
Package biblatex Info: Trying to load bibliography style 'alphabetic'...
Package biblatex Info: ... file 'alphabetic.bbx' found.

(/usr/share/texmf-dist/tex/latex/biblatex/bbx/alphabetic.bbx
File: alphabetic.bbx 2023/03/05 v3.19 biblatex bibliography style (PK/MW)
Package biblatex Info: Trying to load bibliography style 'standard'...
Package biblatex Info: ... file 'standard.bbx' found.

(/usr/share/texmf-dist/tex/latex/biblatex/bbx/standard.bbx
File: standard.bbx 2023/03/05 v3.19 biblatex bibliography style (PK/MW)
\c@bbx:relatedcount=\count453
\c@bbx:relatedtotal=\count454
))
Package biblatex Info: Trying to load citation style 'alphabetic'...
Package biblatex Info: ... file 'alphabetic.cbx' found.

(/usr/share/texmf-dist/tex/latex/biblatex/cbx/alphabetic.cbx
File: alphabetic.cbx 2023/03/05 v3.19 biblatex citation style (PK/MW)
Package biblatex Info: Redefining '\cite'.
Package biblatex Info: Redefining '\parencite'.
Package biblatex Info: Redefining '\footcite'.
Package biblatex Info: Redefining '\footcitetext'.
Package biblatex Info: Redefining '\smartcite'.
Package biblatex Info: Redefining '\textcite'.
Package biblatex Info: Redefining '\textcites'.
Package biblatex Info: Redefining '\cites'.
Package biblatex Info: Redefining '\parencites'.
Package biblatex Info: Redefining '\smartcites'.
)
Package biblatex Info: Trying to load configuration file...
Package biblatex Info: ... file 'biblatex.cfg' found.

(/usr/share/texmf-dist/tex/latex/biblatex/biblatex.cfg
File: biblatex.cfg 
)
Package biblatex Info: LuaTeX detected.
(biblatex)             Assuming input encoding 'utf8'.
Package biblatex Info: Document encoding is UTF8 ....
Package biblatex Info: ... and expl3
(biblatex)             2023-02-22 L3 programming layer (loader) 
(biblatex)             is new enough (at least 2020/04/06),
(biblatex)             setting 'casechanger=expl3'.

(/usr/share/texmf-dist/tex/latex/biblatex/blx-case-expl3.sty
Package: blx-case-expl3 2023/03/05 v3.19 expl3 case changing code for biblatex
))
(/usr/share/texmf-dist/tex/latex/pgf/frontendlayer/tikz.sty
(/usr/share/texmf-dist/tex/latex/pgf/basiclayer/pgf.sty
(/usr/share/texmf-dist/tex/latex/pgf/utilities/pgfrcs.sty
(/usr/share/texmf-dist/tex/generic/pgf/utilities/pgfutil-common.tex
\pgfutil@everybye=\toks33
\pgfutil@tempdima=\dimen189
\pgfutil@tempdimb=\dimen190
)
(/usr/share/texmf-dist/tex/generic/pgf/utilities/pgfutil-latex.def
\pgfutil@abb=\box70
)
(/usr/share/texmf-dist/tex/generic/pgf/utilities/pgfrcs.code.tex
(/usr/share/texmf-dist/tex/generic/pgf/pgf.revision.tex)
Package: pgfrcs 2023-01-15 v3.1.10 (3.1.10)
))
Package: pgf 2023-01-15 v3.1.10 (3.1.10)

(/usr/share/texmf-dist/tex/latex/pgf/basiclayer/pgfcore.sty
(/usr/share/texmf-dist/tex/latex/pgf/systemlayer/pgfsys.sty
(/usr/share/texmf-dist/tex/generic/pgf/systemlayer/pgfsys.code.tex
Package: pgfsys 2023-01-15 v3.1.10 (3.1.10)

(/usr/share/texmf-dist/tex/generic/pgf/utilities/pgfkeys.code.tex
\pgfkeys@pathtoks=\toks34
\pgfkeys@temptoks=\toks35

(/usr/share/texmf-dist/tex/generic/pgf/utilities/pgfkeyslibraryfiltered.code.te
x
\pgfkeys@tmptoks=\toks36
))
\pgf@x=\dimen191
\pgf@y=\dimen192
\pgf@xa=\dimen193
\pgf@ya=\dimen194
\pgf@xb=\dimen195
\pgf@yb=\dimen196
\pgf@xc=\dimen197
\pgf@yc=\dimen198
\pgf@xd=\dimen199
\pgf@yd=\dimen256
\w@pgf@writea=\write4
\r@pgf@reada=\read3
\c@pgf@counta=\count455
\c@pgf@countb=\count456
\c@pgf@countc=\count457
\c@pgf@countd=\count458
\t@pgf@toka=\toks37
\t@pgf@tokb=\toks38
\t@pgf@tokc=\toks39
\pgf@sys@id@count=\count459
 (/usr/share/texmf-dist/tex/generic/pgf/systemlayer/pgf.cfg
File: pgf.cfg 2023-01-15 v3.1.10 (3.1.10)
)
Driver file for pgf: pgfsys-luatex.def

(/usr/share/texmf-dist/tex/generic/pgf/systemlayer/pgfsys-luatex.def
File: pgfsys-luatex.def 2023-01-15 v3.1.10 (3.1.10)

(/usr/share/texmf-dist/tex/generic/pgf/systemlayer/pgfsys-common-pdf.def
File: pgfsys-common-pdf.def 2023-01-15 v3.1.10 (3.1.10)
)))
(/usr/share/texmf-dist/tex/generic/pgf/systemlayer/pgfsyssoftpath.code.tex
File: pgfsyssoftpath.code.tex 2023-01-15 v3.1.10 (3.1.10)
\pgfsyssoftpath@smallbuffer@items=\count460
\pgfsyssoftpath@bigbuffer@items=\count461
)
(/usr/share/texmf-dist/tex/generic/pgf/systemlayer/pgfsysprotocol.code.tex
File: pgfsysprotocol.code.tex 2023-01-15 v3.1.10 (3.1.10)
))
(/usr/share/texmf-dist/tex/generic/pgf/basiclayer/pgfcore.code.tex
Package: pgfcore 2023-01-15 v3.1.10 (3.1.10)

(/usr/share/texmf-dist/tex/generic/pgf/math/pgfmath.code.tex
(/usr/share/texmf-dist/tex/generic/pgf/math/pgfmathutil.code.tex)
(/usr/share/texmf-dist/tex/generic/pgf/math/pgfmathparser.code.tex
\pgfmath@dimen=\dimen257
\pgfmath@count=\count462
\pgfmath@box=\box71
\pgfmath@toks=\toks40
\pgfmath@stack@operand=\toks41
\pgfmath@stack@operation=\toks42
)
(/usr/share/texmf-dist/tex/generic/pgf/math/pgfmathfunctions.code.tex)
(/usr/share/texmf-dist/tex/generic/pgf/math/pgfmathfunctions.basic.code.tex)
(/usr/share/texmf-dist/tex/generic/pgf/math/pgfmathfunctions.trigonometric.code
.tex)
(/usr/share/texmf-dist/tex/generic/pgf/math/pgfmathfunctions.random.code.tex)
(/usr/share/texmf-dist/tex/generic/pgf/math/pgfmathfunctions.comparison.code.te
x) (/usr/share/texmf-dist/tex/generic/pgf/math/pgfmathfunctions.base.code.tex)
(/usr/share/texmf-dist/tex/generic/pgf/math/pgfmathfunctions.round.code.tex)
(/usr/share/texmf-dist/tex/generic/pgf/math/pgfmathfunctions.misc.code.tex)
(/usr/share/texmf-dist/tex/generic/pgf/math/pgfmathfunctions.integerarithmetics
.code.tex) (/usr/share/texmf-dist/tex/generic/pgf/math/pgfmathcalc.code.tex)
(/usr/share/texmf-dist/tex/generic/pgf/math/pgfmathfloat.code.tex
\c@pgfmathroundto@lastzeros=\count463
))
(/usr/share/texmf-dist/tex/generic/pgf/math/pgfint.code.tex)
(/usr/share/texmf-dist/tex/generic/pgf/basiclayer/pgfcorepoints.code.tex
File: pgfcorepoints.code.tex 2023-01-15 v3.1.10 (3.1.10)
\pgf@picminx=\dimen258
\pgf@picmaxx=\dimen259
\pgf@picminy=\dimen260
\pgf@picmaxy=\dimen261
\pgf@pathminx=\dimen262
\pgf@pathmaxx=\dimen263
\pgf@pathminy=\dimen264
\pgf@pathmaxy=\dimen265
\pgf@xx=\dimen266
\pgf@xy=\dimen267
\pgf@yx=\dimen268
\pgf@yy=\dimen269
\pgf@zx=\dimen270
\pgf@zy=\dimen271
)
(/usr/share/texmf-dist/tex/generic/pgf/basiclayer/pgfcorepathconstruct.code.tex
File: pgfcorepathconstruct.code.tex 2023-01-15 v3.1.10 (3.1.10)
\pgf@path@lastx=\dimen272
\pgf@path@lasty=\dimen273
) (/usr/share/texmf-dist/tex/generic/pgf/basiclayer/pgfcorepathusage.code.tex
File: pgfcorepathusage.code.tex 2023-01-15 v3.1.10 (3.1.10)
\pgf@shorten@end@additional=\dimen274
\pgf@shorten@start@additional=\dimen275
)
(/usr/share/texmf-dist/tex/generic/pgf/basiclayer/pgfcorescopes.code.tex
File: pgfcorescopes.code.tex 2023-01-15 v3.1.10 (3.1.10)
\pgfpic=\box72
\pgf@hbox=\box73
\pgf@layerbox@main=\box74
\pgf@picture@serial@count=\count464
)
(/usr/share/texmf-dist/tex/generic/pgf/basiclayer/pgfcoregraphicstate.code.tex
File: pgfcoregraphicstate.code.tex 2023-01-15 v3.1.10 (3.1.10)
\pgflinewidth=\dimen276
)
(/usr/share/texmf-dist/tex/generic/pgf/basiclayer/pgfcoretransformations.code.t
ex
File: pgfcoretransformations.code.tex 2023-01-15 v3.1.10 (3.1.10)
\pgf@pt@x=\dimen277
\pgf@pt@y=\dimen278
\pgf@pt@temp=\dimen279
) (/usr/share/texmf-dist/tex/generic/pgf/basiclayer/pgfcorequick.code.tex
File: pgfcorequick.code.tex 2023-01-15 v3.1.10 (3.1.10)
)
(/usr/share/texmf-dist/tex/generic/pgf/basiclayer/pgfcoreobjects.code.tex
File: pgfcoreobjects.code.tex 2023-01-15 v3.1.10 (3.1.10)
)
(/usr/share/texmf-dist/tex/generic/pgf/basiclayer/pgfcorepathprocessing.code.te
x
File: pgfcorepathprocessing.code.tex 2023-01-15 v3.1.10 (3.1.10)
) (/usr/share/texmf-dist/tex/generic/pgf/basiclayer/pgfcorearrows.code.tex
File: pgfcorearrows.code.tex 2023-01-15 v3.1.10 (3.1.10)
\pgfarrowsep=\dimen280
)
(/usr/share/texmf-dist/tex/generic/pgf/basiclayer/pgfcoreshade.code.tex
File: pgfcoreshade.code.tex 2023-01-15 v3.1.10 (3.1.10)
\pgf@max=\dimen281
\pgf@sys@shading@range@num=\count465
\pgf@shadingcount=\count466
)
(/usr/share/texmf-dist/tex/generic/pgf/basiclayer/pgfcoreimage.code.tex
File: pgfcoreimage.code.tex 2023-01-15 v3.1.10 (3.1.10)
)
(/usr/share/texmf-dist/tex/generic/pgf/basiclayer/pgfcoreexternal.code.tex
File: pgfcoreexternal.code.tex 2023-01-15 v3.1.10 (3.1.10)
\pgfexternal@startupbox=\box75
)
(/usr/share/texmf-dist/tex/generic/pgf/basiclayer/pgfcorelayers.code.tex
File: pgfcorelayers.code.tex 2023-01-15 v3.1.10 (3.1.10)
)
(/usr/share/texmf-dist/tex/generic/pgf/basiclayer/pgfcoretransparency.code.tex
File: pgfcoretransparency.code.tex 2023-01-15 v3.1.10 (3.1.10)
) (/usr/share/texmf-dist/tex/generic/pgf/basiclayer/pgfcorepatterns.code.tex
File: pgfcorepatterns.code.tex 2023-01-15 v3.1.10 (3.1.10)
)
(/usr/share/texmf-dist/tex/generic/pgf/basiclayer/pgfcorerdf.code.tex
File: pgfcorerdf.code.tex 2023-01-15 v3.1.10 (3.1.10)
)))
(/usr/share/texmf-dist/tex/generic/pgf/modules/pgfmoduleshapes.code.tex
File: pgfmoduleshapes.code.tex 2023-01-15 v3.1.10 (3.1.10)
\pgfnodeparttextbox=\box76
)
(/usr/share/texmf-dist/tex/generic/pgf/modules/pgfmoduleplot.code.tex
File: pgfmoduleplot.code.tex 2023-01-15 v3.1.10 (3.1.10)
)
(/usr/share/texmf-dist/tex/latex/pgf/compatibility/pgfcomp-version-0-65.sty
Package: pgfcomp-version-0-65 2023-01-15 v3.1.10 (3.1.10)
\pgf@nodesepstart=\dimen282
\pgf@nodesepend=\dimen283
)
(/usr/share/texmf-dist/tex/latex/pgf/compatibility/pgfcomp-version-1-18.sty
Package: pgfcomp-version-1-18 2023-01-15 v3.1.10 (3.1.10)
))
(/usr/share/texmf-dist/tex/latex/pgf/utilities/pgffor.sty
(/usr/share/texmf-dist/tex/latex/pgf/utilities/pgfkeys.sty
(/usr/share/texmf-dist/tex/generic/pgf/utilities/pgfkeys.code.tex))
(/usr/share/texmf-dist/tex/latex/pgf/math/pgfmath.sty
(/usr/share/texmf-dist/tex/generic/pgf/math/pgfmath.code.tex))
(/usr/share/texmf-dist/tex/generic/pgf/utilities/pgffor.code.tex
Package: pgffor 2023-01-15 v3.1.10 (3.1.10)
\pgffor@iter=\dimen284
\pgffor@skip=\dimen285
\pgffor@stack=\toks43
\pgffor@toks=\toks44
))
(/usr/share/texmf-dist/tex/generic/pgf/frontendlayer/tikz/tikz.code.tex
Package: tikz 2023-01-15 v3.1.10 (3.1.10)

(/usr/share/texmf-dist/tex/generic/pgf/libraries/pgflibraryplothandlers.code.te
x
File: pgflibraryplothandlers.code.tex 2023-01-15 v3.1.10 (3.1.10)
\pgf@plot@mark@count=\count467
\pgfplotmarksize=\dimen286
)
\tikz@lastx=\dimen287
\tikz@lasty=\dimen288
\tikz@lastxsaved=\dimen289
\tikz@lastysaved=\dimen290
\tikz@lastmovetox=\dimen291
\tikz@lastmovetoy=\dimen292
\tikzleveldistance=\dimen293
\tikzsiblingdistance=\dimen294
\tikz@figbox=\box77
\tikz@figbox@bg=\box78
\tikz@tempbox=\box79
\tikz@tempbox@bg=\box80
\tikztreelevel=\count468
\tikznumberofchildren=\count469
\tikznumberofcurrentchild=\count470
\tikz@fig@count=\count471
 (/usr/share/texmf-dist/tex/generic/pgf/modules/pgfmodulematrix.code.tex
File: pgfmodulematrix.code.tex 2023-01-15 v3.1.10 (3.1.10)
\pgfmatrixcurrentrow=\count472
\pgfmatrixcurrentcolumn=\count473
\pgf@matrix@numberofcolumns=\count474
)
\tikz@expandcount=\count475

(/usr/share/texmf-dist/tex/generic/pgf/frontendlayer/tikz/libraries/tikzlibrary
topaths.code.tex
File: tikzlibrarytopaths.code.tex 2023-01-15 v3.1.10 (3.1.10)
))) (/usr/share/texmf-dist/tex/latex/physics/physics.sty
Package: physics 
)
(/usr/share/texmf-dist/tex/generic/pgf/frontendlayer/tikz/libraries/tikzlibrary
shadings.code.tex
File: tikzlibraryshadings.code.tex 2023-01-15 v3.1.10 (3.1.10)

(/usr/share/texmf-dist/tex/generic/pgf/libraries/pgflibraryshadings.code.tex
File: pgflibraryshadings.code.tex 2023-01-15 v3.1.10 (3.1.10)
))

Package siunitx Info: Option "detect-all" has been deprecated in this release.
(siunitx)             
(siunitx)             Use "mode = match, propagate-math-font = true,
(siunitx)             reset-math-version = false, reset-text-family = false,
(siunitx)             reset-text-series = false, reset-text-shape = false,
(siunitx)             text-family-to-math = true, text-series-to-math = true"
(siunitx)             as a replacement.


Package siunitx Info: Option "separate-uncertainty" has been deprecated in
(siunitx)             this release.
(siunitx)             
(siunitx)             Use "uncertainty-mode = separate" as a replacement.


(/usr/share/texmf-dist/tex/latex/glossaries/base/glossaries.sty
Package: glossaries 2022/11/03 v4.52 (NLCT)

(/usr/share/texmf-dist/tex/latex/xkeyval/xkeyval.sty
Package: xkeyval 2022/06/16 v2.9 package option processing (HA)

(/usr/share/texmf-dist/tex/generic/xkeyval/xkeyval.tex
(/usr/share/texmf-dist/tex/generic/xkeyval/xkvutils.tex
\XKV@toks=\toks45
\XKV@tempa@toks=\toks46
)
\XKV@depth=\count476
File: xkeyval.tex 2014/12/03 v2.7a key=value parser (HA)
))
(/usr/share/texmf-dist/tex/latex/mfirstuc/mfirstuc.sty
Package: mfirstuc 2022/10/14 v2.08 (NLCT)
\@glsmfirst=\toks47
\@glsmrest=\toks48
)
(/usr/share/texmf-dist/tex/latex/xfor/xfor.sty
Package: xfor 2009/02/05 v1.05 (NLCT)
)
(/usr/share/texmf-dist/tex/latex/datatool/datatool-base.sty
Package: datatool-base 2019/09/27 v2.32 (NLCT)

(/usr/share/texmf-dist/tex/latex/substr/substr.sty
Package: substr 2009/10/20 v1.2 Handle substrings
\c@su@anzahl=\count477
)
(/usr/share/texmf-dist/tex/latex/datatool/datatool-fp.sty
Package: datatool-fp 2019/09/27 v2.32 (NLCT)

(/usr/share/texmf-dist/tex/latex/fp/fp.sty
Package: fp 1995/04/02

`Fixed Point Package', Version 0.8, April 2, 1995 (C) Michael Mehlich
(/usr/share/texmf-dist/tex/latex/fp/defpattern.sty
Package: defpattern 1994/10/12
\actioncount=\count478
)
(/usr/share/texmf-dist/tex/latex/fp/fp-basic.sty
Package: fp-basic 1996/05/13
\FP@xs=\count479
\FP@xia=\count480
\FP@xib=\count481
\FP@xfa=\count482
\FP@xfb=\count483
\FP@rega=\count484
\FP@regb=\count485
\FP@regs=\count486
\FP@times=\count487
)
(/usr/share/texmf-dist/tex/latex/fp/fp-addons.sty
Package: fp-addons 1995/03/15
)
(/usr/share/texmf-dist/tex/latex/fp/fp-snap.sty
Package: fp-snap 1995/04/05
)
(/usr/share/texmf-dist/tex/latex/fp/fp-exp.sty
Package: fp-exp 1995/04/03
)
(/usr/share/texmf-dist/tex/latex/fp/fp-trigo.sty
Package: fp-trigo 1995/04/14
)
(/usr/share/texmf-dist/tex/latex/fp/fp-pas.sty
Package: fp-pas 1994/08/29
)
(/usr/share/texmf-dist/tex/latex/fp/fp-random.sty
Package: fp-random 1995/02/23
\FPseed=\count488
)
(/usr/share/texmf-dist/tex/latex/fp/fp-eqn.sty
Package: fp-eqn 1995/04/03
)
(/usr/share/texmf-dist/tex/latex/fp/fp-upn.sty
Package: fp-upn 1996/10/21
)
(/usr/share/texmf-dist/tex/latex/fp/fp-eval.sty
Package: fp-eval 1995/04/03
)))
\@dtl@toks=\toks49
\@dtl@tmpcount=\count489
\dtl@tmplength=\skip161
\dtl@sortresult=\count490
\@dtl@numgrpsepcount=\count491
\@dtl@datatype=\count492
\dtl@codeA=\count493
\dtl@codeB=\count494
\@dtl@foreach@level=\count495
)
\gls@level=\count496
\@gls@tmpb=\toks50
\gls@tmplen=\skip162
\glskeylisttok=\toks51
\glslabeltok=\toks52
\glsshorttok=\toks53
\glslongtok=\toks54

(/usr/share/texmf-dist/tex/latex/glossaries/styles/glossary-hypernav.sty
Package: glossary-hypernav 2022/11/03 v4.52 (NLCT)
)
(/usr/share/texmf-dist/tex/latex/glossaries/styles/glossary-list.sty
Package: glossary-list 2022/11/03 v4.52 (NLCT)
\glslistdottedwidth=\skip163
)
(/usr/share/texmf-dist/tex/latex/glossaries/styles/glossary-long.sty
Package: glossary-long 2022/11/03 v4.52 (NLCT)

(/usr/share/texmf-dist/tex/latex/tools/longtable.sty
Package: longtable 2021-09-01 v4.17 Multi-page Table package (DPC)
\LTleft=\skip164
\LTright=\skip165
\LTpre=\skip166
\LTpost=\skip167
\LTchunksize=\count497
\LTcapwidth=\dimen295
\LT@head=\box81
\LT@firsthead=\box82
\LT@foot=\box83
\LT@lastfoot=\box84
\LT@gbox=\box85
\LT@cols=\count498
\LT@rows=\count499
\c@LT@tables=\count500
\c@LT@chunks=\count501
\LT@p@ftn=\toks55
)
\glsdescwidth=\skip168
\glspagelistwidth=\skip169
)
(/usr/share/texmf-dist/tex/latex/glossaries/styles/glossary-super.sty
Package: glossary-super 2022/11/03 v4.52 (NLCT)

(/usr/share/texmf-dist/tex/latex/supertabular/supertabular.sty
Package: supertabular 2020/02/02 v4.1g the supertabular environment
\c@tracingst=\count502
\ST@wd=\dimen296
\ST@rightskip=\skip170
\ST@leftskip=\skip171
\ST@parfillskip=\skip172
\ST@pageleft=\dimen297
\ST@headht=\dimen298
\ST@tailht=\dimen299
\ST@pagesofar=\dimen300
\ST@pboxht=\dimen301
\ST@lineht=\dimen302
\ST@prevht=\dimen303
\ST@toadd=\dimen304
\ST@dimen=\dimen305
\ST@pbox=\box86
))
(/usr/share/texmf-dist/tex/latex/glossaries/styles/glossary-tree.sty
Package: glossary-tree 2022/11/03 v4.52 (NLCT)
\glstreeindent=\skip173
))
(./monte-carlo-glossary.sty
Package: monte-carlo-glossary 
)
\glswrite=\write5
\glo@main@file=\write6

\openout6 = main.glo
Package glossaries Info: Writing glossary file main.glo on input line 93.
 (/usr/share/texmf-dist/tex/latex/import/import.sty
Package: import 2020/04/01  v 6.2
) (/usr/share/texmf-dist/tex/latex/titling/titling.sty
Package: titling 2009/09/04 v2.1d maketitle typesetting
\thanksmarkwidth=\skip174
\thanksmargin=\skip175
\droptitle=\skip176
)
(/usr/share/texmf-dist/tex/latex/titlesec/titlesec.sty
Package: titlesec 2021/07/05 v2.14 Sectioning titles
\ttl@box=\box87
\beforetitleunit=\skip177
\aftertitleunit=\skip178
\ttl@plus=\dimen306
\ttl@minus=\dimen307
\ttl@toksa=\toks56
\titlewidth=\dimen308
\titlewidthlast=\dimen309
\titlewidthfirst=\dimen310
)
(/usr/share/texmf-dist/tex/latex/tools/tabularx.sty
Package: tabularx 2020/01/15 v2.11c `tabularx' package (DPC)
\TX@col@width=\dimen311
\TX@old@table=\dimen312
\TX@old@col=\dimen313
\TX@target=\dimen314
\TX@delta=\dimen315
\TX@cols=\count503
\TX@ftn=\toks57
)
(/usr/share/texmf-dist/tex/latex/tabulary/tabulary.sty
Package: tabulary 2014/06/11 v0.10 tabulary package (DPC)
\TY@count=\count504
\TY@linewidth=\dimen316
\tymin=\dimen317
\tymax=\dimen318
\TY@tablewidth=\dimen319
)
\c@definitionS=\count505
\c@definitionC=\count506
luaotfload | aux : font no 56 (nil) does not define feature smcp for script latn
 with language dflt
luaotfload | aux : font no 57 (nil) does not define feature smcp for script latn
 with language dflt
luaotfload | aux : font no 58 (nil) does not define feature smcp for script latn
 with language dflt
luaotfload | aux : font no 59 (nil) does not define feature smcp for script latn
 with language dflt

Package fontspec Info: Font family 'DejaVuSans(0)' created for font 'DejaVu
(fontspec)             Sans' with options [].
(fontspec)              
(fontspec)              This font family consists of the following NFSS
(fontspec)             series/shapes:
(fontspec)              
(fontspec)             - 'normal' (m/n) with NFSS spec.:
(fontspec)             <->"DejaVuSans:mode=node;script=latn;language=dflt;"
(fontspec)             - 'small caps'  (m/sc) with NFSS spec.: 
(fontspec)             - 'bold' (b/n) with NFSS spec.:
(fontspec)             <->"DejaVuSans/B:mode=node;script=latn;language=dflt;"
(fontspec)             - 'bold small caps'  (b/sc) with NFSS spec.: 
(fontspec)             - 'italic' (m/it) with NFSS spec.:
(fontspec)             <->"DejaVuSans/I:mode=node;script=latn;language=dflt;"
(fontspec)             - 'italic small caps'  (m/scit) with NFSS spec.: 
(fontspec)             - 'bold italic' (b/it) with NFSS spec.:
(fontspec)             <->"DejaVuSans/BI:mode=node;script=latn;language=dflt;"
(fontspec)             - 'bold italic small caps'  (b/scit) with NFSS spec.: 

Package translations Info: No language package found. I am going to use `englis
h' as default language. on input line 155.
\@quotelevel=\count507
\@quotereset=\count508

(./intermediate/main.aux)
\openout1 = main.aux

LaTeX Font Info:    Checking defaults for OML/cmm/m/it on input line 155.
LaTeX Font Info:    ... okay on input line 155.
LaTeX Font Info:    Checking defaults for OMS/cmsy/m/n on input line 155.
LaTeX Font Info:    ... okay on input line 155.
LaTeX Font Info:    Checking defaults for OT1/cmr/m/n on input line 155.
LaTeX Font Info:    ... okay on input line 155.
LaTeX Font Info:    Checking defaults for T1/cmr/m/n on input line 155.
LaTeX Font Info:    ... okay on input line 155.
LaTeX Font Info:    Checking defaults for TS1/cmr/m/n on input line 155.
LaTeX Font Info:    ... okay on input line 155.
LaTeX Font Info:    Checking defaults for TU/lmr/m/n on input line 155.
LaTeX Font Info:    ... okay on input line 155.
LaTeX Font Info:    Checking defaults for OMX/cmex/m/n on input line 155.
LaTeX Font Info:    ... okay on input line 155.
LaTeX Font Info:    Checking defaults for U/cmr/m/n on input line 155.
LaTeX Font Info:    ... okay on input line 155.
LaTeX Font Info:    Checking defaults for PD1/pdf/m/n on input line 155.
LaTeX Font Info:    ... okay on input line 155.
LaTeX Font Info:    Checking defaults for PU/pdf/m/n on input line 155.
LaTeX Font Info:    ... okay on input line 155.


Package siunitx Warning: Detected the "physics" package:
(siunitx)                omitting definition of \qty.
(siunitx)                
(siunitx)                If you want to use \qty with the siunitx definition,
(siunitx)                add 
(siunitx)                
(siunitx)                    \AtBeginDocument{\RenewCommandCopy\qty\SI}
(siunitx)                
(siunitx)                to your preamble.


(/usr/share/texmf-dist/tex/latex/translations/translations-basic-dictionary-eng
lish.trsl
File: translations-basic-dictionary-english.trsl (english translation file `tra
nslations-basic-dictionary')
)
Package translations Info: loading dictionary `translations-basic-dictionary' f
or `english'. on input line 155.
 (/usr/share/texmf-dist/tex/context/base/mkii/supp-pdf.mkii
[Loading MPS to PDF converter (version 2006.09.02).]
\scratchcounter=\count509
\scratchdimen=\dimen320
\scratchbox=\box88
\nofMPsegments=\count510
\nofMParguments=\count511
\everyMPshowfont=\toks58
\MPscratchCnt=\count512
\MPscratchDim=\dimen321
\MPnumerator=\count513
\makeMPintoPDFobject=\count514
\everyMPtoPDFconversion=\toks59
) (/usr/share/texmf-dist/tex/latex/epstopdf-pkg/epstopdf-base.sty
Package: epstopdf-base 2020-01-24 v2.11 Base part for package epstopdf
Package epstopdf-base Info: Redefining graphics rule for `.eps' on input line 4
85.

(/usr/share/texmf-dist/tex/latex/latexconfig/epstopdf-sys.cfg
File: epstopdf-sys.cfg 2010/07/13 v1.3 Configuration of (r)epstopdf for TeX Liv
e
))
Package hyperref Info: Link coloring OFF on input line 155.

(./intermediate/main.out) (./intermediate/main.out)
\@outlinefile=\write7

\openout7 = main.out
LaTeX Font Info:    Overwriting math alphabet `\mathsf' in version `normal'
(Font)                  OT1/lmss/m/n --> TU/lmss/m/n on input line 155.
LaTeX Font Info:    Overwriting math alphabet `\mathsf' in version `bold'
(Font)                  OT1/lmss/bx/n --> TU/lmss/b/n on input line 155.
LaTeX Font Info:    Overwriting math alphabet `\mathtt' in version `normal'
(Font)                  OT1/lmtt/m/n --> TU/lmtt/m/n on input line 155.
LaTeX Font Info:    Overwriting math alphabet `\mathtt' in version `bold'
(Font)                  OT1/lmtt/m/n --> TU/lmtt/b/n on input line 155.

*geometry* driver: auto-detecting
*geometry* detected driver: luatex
*geometry* verbose mode - [ preamble ] result:
* driver: luatex
* paper: <default>
* layout: <same size as paper>
* layoutoffset:(h,v)=(0.0pt,0.0pt)
* modes: twoside heightrounded 
* h-part:(L,W,R)=(105.63084pt, 413.59637pt, 95.06778pt)
* v-part:(T,H,B)=(105.63084pt, 583.7083pt, 105.63084pt)
* \paperwidth=614.295pt
* \paperheight=794.96999pt
* \textwidth=413.59637pt
* \textheight=577.5pt
* \oddsidemargin=33.36086pt
* \evensidemargin=22.79779pt
* \topmargin=-2.63914pt
* \headheight=15.0pt
* \headsep=24.0pt
* \topskip=12.0pt
* \footskip=30.0pt
* \marginparwidth=51.0pt
* \marginparsep=17.0pt
* \columnsep=10.0pt
* \skip\footins=10.8pt plus 4.0pt minus 2.0pt
* \hoffset=0.0pt
* \voffset=0.0pt
* \mag=1000
* \@twocolumnfalse
* \@twosidetrue
* \@mparswitchtrue
* \@reversemarginfalse
* (1in=72.27pt=25.4mm, 1cm=28.453pt)

Package biblatex Info: Trying to load language 'english'...
Package biblatex Info: ... file 'english.lbx' found.
(/usr/share/texmf-dist/tex/latex/biblatex/lbx/english.lbx
File: english.lbx 2023/03/05 v3.19 biblatex localization (PK/MW)
)
Package biblatex Info: LuaTeX detected.
(biblatex)             Assuming input encoding 'utf8'.
Package biblatex Info: Automatic encoding selection.
(biblatex)             Assuming data encoding 'utf8'.

\openout3 = main.bcf
Package biblatex Info: Trying to load bibliographic data...
Package biblatex Info: ... file 'main.bbl' found.

(./intermediate/main.bbl)
Package biblatex Info: Reference section=0 on input line 155.
Package biblatex Info: Reference segment=0 on input line 155.
 [1


\openout5 = main.ist

{/var/lib/texmf/fonts/map/pdftex/updmap/pdftex.map}] [2

] [1] (./intermediate/main.toc [2

])
\tf@toc=\write8

\openout8 = main.toc
 [3] [4

]
warning  (pdf backend): ignoring duplicate destination with the name 'page.1'
[1

] (./chapters/chapter-part1-1-electromagnetic-radiometry.tex
Chapter 1.

Overfull \hbox (69.57605pt too wide) in paragraph at lines 96--98
[][]
 []


Overfull \hbox (32.57967pt too wide) in paragraph at lines 106--107
\TU/lmr/m/n/12 La luce vis-i-bile all\TU/lmr/m/it/12 oc-chio umano \TU/lmr/m
/n/12 cor-risponde al sot-toin-sieme dello spet-tro $\TU/LatinModernMath(1)/m/n
/12 [383, 783] THz$\TU/lmr/m/n/12 ,
 []


warning  (pdf backend): ignoring duplicate destination with the name 'page.2'
[2

]
Overfull \hbox (5.85182pt too wide) in paragraph at lines 115--117
\TU/lmr/m/n/12 sono de-ter-mi-nate dall\TU/lmr/m/it/12 in-dice di rifrazione \TU/lmr/m/n/12 (IOR), dipen-dente dalla lunghezza d
onda 
 []

LaTeX Font Info:    Font shape `TU/LatinModernMath(2)/m/n' will be
(Font)              scaled to size 10.00107pt on input line 121.
LaTeX Font Info:    Font shape `TU/LatinModernMath(2)/m/n' will be
(Font)              scaled to size 7.00075pt on input line 121.
LaTeX Font Info:    Font shape `TU/LatinModernMath(3)/m/n' will be
(Font)              scaled to size 9.99893pt on input line 121.
LaTeX Font Info:    Font shape `TU/LatinModernMath(3)/m/n' will be
(Font)              scaled to size 6.99925pt on input line 121.

Underfull \vbox (badness 10000) has occurred while \output is active []



Package fancyhdr Warning: \headheight is too small (15.0pt): 
(fancyhdr)                Make it at least 27.41803pt, for example:
(fancyhdr)                \setlength{\headheight}{27.41803pt}.
(fancyhdr)                You might also make \topmargin smaller to compensate:

(fancyhdr)                \addtolength{\topmargin}{-12.41803pt}.

[3
Missing character: There is no  (U+1D707) in font [lmroman12-regular]:+tlig;
!
Missing character: There is no  (U+1D707) in font [lmroman12-regular]:+tlig;
!
]

Package fancyhdr Warning: \headheight is too small (15.0pt): 
(fancyhdr)                Make it at least 27.41803pt, for example:
(fancyhdr)                \setlength{\headheight}{27.41803pt}.
(fancyhdr)                You might also make \topmargin smaller to compensate:

(fancyhdr)                \addtolength{\topmargin}{-12.41803pt}.

[4]
LaTeX Font Info:    Font shape `TU/LatinModernMath(2)/m/n' will be
(Font)              scaled to size 14.40152pt on input line 193.
LaTeX Font Info:    Font shape `TU/LatinModernMath(3)/m/n' will be
(Font)              scaled to size 14.39845pt on input line 193.
LaTeX Font Info:    Trying to load font information for OT1+lmr on input line 2
01.
 (/usr/share/texmf-dist/tex/latex/lm/ot1lmr.fd
File: ot1lmr.fd 2015/05/01 v1.6.1 Font defs for Latin Modern
)
Missing character: There is no  (U+0302) in font rm-lmbx12!
Missing character: There is no  (U+0302) in font rm-lmbx12!
Missing character: There is no  (U+0302) in font rm-lmbx12!
Missing character: There is no  (U+0302) in font rm-lmbx12!
Missing character: There is no  (U+0302) in font rm-lmbx12!
Missing character: There is no  (U+0302) in font rm-lmbx12!

Package fancyhdr Warning: \headheight is too small (15.0pt): 
(fancyhdr)                Make it at least 27.41803pt, for example:
(fancyhdr)                \setlength{\headheight}{27.41803pt}.
(fancyhdr)                You might also make \topmargin smaller to compensate:

(fancyhdr)                \addtolength{\topmargin}{-12.41803pt}.

[5]
Underfull \hbox (badness 1490) in paragraph at lines 245--246
[]|\TU/lmr/m/n/12 As-sorbe forte-mente luce rossa,
 []


Underfull \hbox (badness 2310) in paragraph at lines 246--247
\TU/lmr/m/n/12 frarossa, mo-tivo per cui con-
 []


Overfull \hbox (70.77127pt too wide) in paragraph at lines 238--250
[][]
 []


Package fancyhdr Warning: \headheight is too small (15.0pt): 
(fancyhdr)                Make it at least 27.41803pt, for example:
(fancyhdr)                \setlength{\headheight}{27.41803pt}.
(fancyhdr)                You might also make \topmargin smaller to compensate:

(fancyhdr)                \addtolength{\topmargin}{-12.41803pt}.

[6]
Overfull \hbox (6.62463pt too wide) in paragraph at lines 260--262
\TU/lmr/m/n/12 In-tro-ducendo un co-ef-fi-ciente di as-sor-bi-mento non-nullo, 
e sup-po-nendo propagazione
 []


Package fancyhdr Warning: \headheight is too small (15.0pt): 
(fancyhdr)                Make it at least 27.41803pt, for example:
(fancyhdr)                \setlength{\headheight}{27.41803pt}.
(fancyhdr)                You might also make \topmargin smaller to compensate:

(fancyhdr)                \addtolength{\topmargin}{-12.41803pt}.

[7]
Overfull \hbox (4.58858pt too wide) in paragraph at lines 291--293
\TU/lmr/m/n/12 su-per-fi-cie o mezzo trasmis-sivo, gli \TU/lmr/m/it/12 scat-ter-
ing events
 []


Overfull \hbox (3.92865pt too wide) in paragraph at lines 293--295
\TU/lmr/m/n/12 mag-netico di una ra-di-azione, ren-dendo lunica pro-
 []


Overfull \hbox (16.71584pt too wide) in paragraph at lines 293--295
\TU/lmr/m/n/12 pri-et ril-e-vante di una ra-di-azione la sua \TU/lmr/m/it/12 
Dis-tribuzione
 []


Overfull \hbox (11.64784pt too wide) in paragraph at lines 295--297
[]\TU/lmr/m/n/12 Il com-por-ta-mento della ra-di-azione ad una lunghezza
 []


LaTeX Warning: Command \textperiodcentered invalid in math mode on input line 3
17.

) (./chapters/chapter-part1-2-color-camera.tex

Package fancyhdr Warning: \headheight is too small (15.0pt): 
(fancyhdr)                Make it at least 27.41803pt, for example:
(fancyhdr)                \setlength{\headheight}{27.41803pt}.
(fancyhdr)                You might also make \topmargin smaller to compensate:

(fancyhdr)                \addtolength{\topmargin}{-12.41803pt}.

[8]

Package fancyhdr Warning: \headheight is too small (15.0pt): 
(fancyhdr)                Make it at least 27.41803pt, for example:
(fancyhdr)                \setlength{\headheight}{27.41803pt}.
(fancyhdr)                You might also make \topmargin smaller to compensate:

(fancyhdr)                \addtolength{\topmargin}{-12.41803pt}.

[9]
Chapter 2.
) (./chapters/chapter-part1-3-light-surface.tex [10

]
Chapter 3.
) (./chapters/chapter-part1-4-volume-transport-no-alg.tex [11

]
Chapter 4.
) [12

] [13

] (./chapters/chapter-part2-1-quasirandom-gen.tex
Chapter 5.
) (./chapters/chapter-part2-2-sampling-montecarlo.tex [14

]
Chapter 6.
) (./chapters/chapter-part2-3-variance-reduction.tex [15

]
Chapter 7.
) [16

] [17

] (./chapters/chapter-part3-1-light-transportintro.tex
Chapter 8.
) (./chapters/chapter-part3-2-light-transport-impl.tex [18

]
Chapter 9.
) [19

] [20

] (./chapters/chapter-Appendix-A-prob-stat.tex
Appendix A.
) (./chapters/chapter-Appendix-B-geo-alg.tex [21

]
Appendix B.
) (./chapters/chapter-Appendix-C-random-num.tex [22

]
Appendix C.
) (./chapters/chapter-Appendix-D-vulkan-code.tex [23

]
Appendix D.
) (./chapters/chapter-Appendix-E-materials-impldetails.tex [24

]
Appendix E.
) [25

]
Overfull \hbox (3.5825pt too wide) in paragraph at lines 211--211
[]\TU/lmr/m/n/12 Vin-cent Pe-go-raro. \TU/lmr/m/it/12 Hand-book of Dig-i-tal Im-
age Syn-the-sis: Sci-en-tific Foun-
 []

(./intermediate/main.gls) [26


] (./intermediate/main.aux)
Package rerunfilecheck Info: File `main.out' has not changed.
(rerunfilecheck)             Checksum: 18E389C476C0A469D11189D4E13B3C59;5110.
Package logreq Info: Writing requests to 'main.run.xml'.

\openout1 = main.run.xml
)

Here is how much of LuaTeX's memory you used:
 46642 strings out of 478285
 125163,1977958 words of node,token memory allocated
 2840 words of node memory still in use:
   76 hlist, 18 vlist, 5 rule, 6 math, 49 glue, 21 kern, 7 sub_mlist, 78 glyph, 
50 attribute, 124 glue_spec, 50 attribute_list, 2 write nodes
   avail lists: 2:5502,3:2699,4:680,5:378,6:57,7:5556,8:48,9:2127,10:13,11:412
 65122 multiletter control sequences out of 65536+600000
 105 fonts using 43077335 bytes
 91i,17n,114p,2265b,1237s stack positions out of 5000i,500n,10000p,200000b,80000s
</usr/share/texmf-dist/fonts/opentype/public/lm/lmsans12-regular.otf></usr/share
/texmf-dist/fonts/opentype/public/lm/lmroman10-italic.otf></usr/share/texmf-dist
/fonts/opentype/public/lm-math/latinmodern-math.otf>{/usr/share/texmf-dist/fonts
/enc/dvips/lm/lm-rm.enc}</usr/share/texmf-dist/fonts/opentype/public/lm/lmroman1
0-regular.otf></usr/share/texmf-dist/fonts/opentype/public/lm/lmroman7-regular.o
tf></usr/share/texmf-dist/fonts/opentype/public/lm/lmroman8-regular.otf></usr/sh
are/texmf-dist/fonts/opentype/public/lm-math/latinmodern-math.otf></usr/share/te
xmf-dist/fonts/opentype/public/lm-math/latinmodern-math.otf></usr/share/texmf-di
st/fonts/opentype/public/lm/lmroman12-italic.otf></usr/share/texmf-dist/fonts/op
entype/public/lm/lmromanslant12-regular.otf></usr/share/texmf-dist/fonts/opentyp
e/public/lm/lmroman12-regular.otf></usr/share/texmf-dist/fonts/opentype/public/l
m/lmroman17-regular.otf></usr/share/texmf-dist/fonts/opentype/public/lm/lmromand
emi10-regular.otf></usr/share/texmf-dist/fonts/type1/public/lm/lmbx10.pfb></usr/
share/texmf-dist/fonts/type1/public/lm/lmbx12.pfb>
Output written on main.pdf (32 pages, 144720 bytes).

PDF statistics: 417 PDF objects out of 1000 (max. 8388607)
 337 compressed objects within 4 object streams
 78 named destinations out of 1000 (max. 131072)
 210 words of extra memory for PDF output out of 10000 (max. 100000000)

